group_16/-LHsvZ4TPm0_101
group_17/GFEPmahKbkI_736
group_18/njtaShlDO1c_88
group_19/nzVURcoxBpo_329
group_20/tvxY36Djefc_14
group_21/hE_yJ3SWjTU_345
group_22/piOgrjagcjQ_66
group_23/B-7tDREX67M_37
group_24/dagPtKJC3V8_37
group_25/90VB-HWKqp8_383
group_26/c6XOSreUdbk_81
group_26/-1GKsGdrCys_106
group_26/-1GKsGdrCys_107
group_26/-1GKsGdrCys_206
group_26/-1GKsGdrCys_217
group_26/-1GKsGdrCys_36
group_26/-1GKsGdrCys_68
group_26/-1GKsGdrCys_76
group_26/-1p5Qnfi47s_140
group_26/-1p5Qnfi47s_56
group_26/-1p5Qnfi47s_83
group_26/0J0nE4bXx5Q_77
group_26/0U1NNLQQ1wg_160
group_26/0U1NNLQQ1wg_177
group_26/2nXguX1oIY8_11
group_26/5QVJHyWJJYA_193
group_26/5QVJHyWJJYA_143
group_26/7uuMSbKi9i4_11
group_26/c6XOSreUdbk_81
group_26/-1GKsGdrCys_107
group_26/-1GKsGdrCys_106
group_26/-1GKsGdrCys_206
group_26/-1GKsGdrCys_217
group_26/-1GKsGdrCys_36
group_26/-1GKsGdrCys_76
group_26/-1GKsGdrCys_68
group_26/-1p5Qnfi47s_140
group_26/-1p5Qnfi47s_56
group_26/-1p5Qnfi47s_83
group_26/0J0nE4bXx5Q_77
group_26/0U1NNLQQ1wg_160
group_26/0U1NNLQQ1wg_177
group_26/2nXguX1oIY8_11
group_26/5QVJHyWJJYA_143
group_26/5QVJHyWJJYA_193
group_26/7uuMSbKi9i4_11
group_26/DXEO67PJofk_125
group_26/DXEO67PJofk_87
group_26/EHPiqjIGAP0_12
group_26/EHPiqjIGAP0_17
group_26/EHPiqjIGAP0_85
group_26/K6j9ktMBNBA_142
group_26/K6j9ktMBNBA_168
group_26/La7ZJPKaDq0_292
group_26/MFWMAlSmfto_92
group_26/OJncvtk3b_o_38
group_26/OJncvtk3b_o_6
group_26/PJdBV0aP-RU_3
group_26/PJdBV0aP-RU_7
group_26/PwwkuK-wr0A_405
group_26/Sk6n8OPzpOY_100
group_26/Sk6n8OPzpOY_181
group_26/Sk6n8OPzpOY_225
group_26/T146Ee1kyVA_21
group_26/V5rqZRj3988_12
group_26/V5rqZRj3988_8
group_26/VkZzgd1Nxmw_123
group_26/VkZzgd1Nxmw_138
group_26/VkZzgd1Nxmw_234
group_26/Vpe9fUORDUs_56
group_26/XFeAqvf-Epc_135
group_26/XFeAqvf-Epc_228
group_26/XFeAqvf-Epc_35
group_26/XFeAqvf-Epc_37
group_26/XFeAqvf-Epc_374
group_26/XFeAqvf-Epc_40
group_26/XFeAqvf-Epc_51
group_26/ZQXKjBlj4fI_10
group_26/aNpQ1xZyW3k_102
group_26/aNpQ1xZyW3k_146
group_26/alrVfCMjFJA_131
group_26/alrVfCMjFJA_394
group_26/c0d7XhU9SDc_144
group_26/c0d7XhU9SDc_282
group_26/c0d7XhU9SDc_290
group_26/c0d7XhU9SDc_364
group_26/c0d7XhU9SDc_436
group_26/c2N581r3Oag_124
group_26/c2N581r3Oag_32
group_26/c2N581r3Oag_26
group_26/c2N581r3Oag_37
group_26/c2N581r3Oag_56
group_26/cdS2mXPSFsw_20
group_26/cdS2mXPSFsw_89
group_26/ceWGXiubFoY_14
group_26/eGEjYmirVh0_277
group_26/eGEjYmirVh0_58
group_26/eGEjYmirVh0_66
group_26/eGEjYmirVh0_90
group_26/c6XOSreUdbk_81
group_26/-1GKsGdrCys_106
group_26/-1GKsGdrCys_107
group_26/-1GKsGdrCys_206
group_26/c6XOSreUdbk_81
group_26/c6XOSreUdbk_81
group_26/c6XOSreUdbk_81
group_26/c6XOSreUdbk_81
group_26/-1GKsGdrCys_106
group_26/-1GKsGdrCys_107
group_26/-1GKsGdrCys_206
group_26/-1GKsGdrCys_217
group_26/-1GKsGdrCys_36
group_26/-1GKsGdrCys_68
group_26/-1GKsGdrCys_76
group_26/-1p5Qnfi47s_140
group_26/-1p5Qnfi47s_56
group_26/-1p5Qnfi47s_83
group_26/0J0nE4bXx5Q_77
group_26/0U1NNLQQ1wg_160
group_26/0U1NNLQQ1wg_177
group_26/2nXguX1oIY8_11
group_26/5QVJHyWJJYA_143
group_26/5QVJHyWJJYA_193
